<?xml version="1.0" encoding="UTF-8"?>
<!-- Generated by org.testng.reporters.JUnitReportReporter -->
<testsuite hostname="IN-PG02NMEC" failures="0" tests="1" name="test.MultTest" time="5.485" errors="0" timestamp="2023-08-13T12:29:36 IST" skipped="0">
  <testcase classname="test.MultTest" name="mul" time="5.485"/>
  <system-out/>
</testsuite> <!-- test.MultTest -->
