<?xml version="1.0" encoding="UTF-8"?>
<!-- Generated by org.testng.reporters.JUnitReportReporter -->
<testsuite hostname="IN-PG02NMEC" failures="0" tests="1" name="test.AddTest" time="5.324" errors="0" timestamp="2023-08-13T12:29:36 IST" skipped="0">
  <testcase classname="test.AddTest" name="add" time="5.324"/>
  <system-out/>
</testsuite> <!-- test.AddTest -->
