<?xml version="1.0" encoding="UTF-8"?>
<!-- Generated by org.testng.reporters.JUnitReportReporter -->
<testsuite hostname="IN-PG02NMEC" failures="0" tests="1" name="test.SearchTest" time="13.636" errors="0" timestamp="2023-08-13T12:29:36 IST" skipped="0">
  <testcase classname="test.SearchTest" name="search" time="13.636"/>
  <system-out/>
</testsuite> <!-- test.SearchTest -->
